<?xml version="1.0" encoding="UTF-8"?>
<!-- Generated by org.testng.reporters.JUnitXMLReporter -->
<testsuite ignored="0" hostname="LAPTOP-J3K2CO61" failures="2" tests="5" name="Edge Tests" time="0.075" errors="0" timestamp="2025-03-18T12:08:14 IST">
  <testcase classname="lumaTestcases.LoginTest" name="testInvalidLogin" time="0.0">
    <skipped/>
  </testcase> <!-- testInvalidLogin -->
  <testcase classname="lumaTestcases.LoginTest" name="testValidLogin" time="0.002">
    <skipped/>
  </testcase> <!-- testValidLogin -->
  <testcase classname="lumaTestcases.CartTest" name="testAddToCart" time="0.002">
    <failure type="java.lang.NullPointerException" message="Cannot invoke &amp;quot;org.openqa.selenium.WebDriver.findElement(org.openqa.selenium.By)&amp;quot; because &amp;quot;this.driver&amp;quot; is null">
      <![CDATA[java.lang.NullPointerException: Cannot invoke "org.openqa.selenium.WebDriver.findElement(org.openqa.selenium.By)" because "this.driver" is null
at lumaPages.ProductPage.selectProduct(ProductPage.java:21)
at lumaTestcases.CartTest.testAddToCart(CartTest.java:28)
at java.base/java.util.ArrayList.forEach(ArrayList.java:1597)
... Removed 25 stack frames]]>
    </failure>
  </testcase> <!-- testAddToCart -->
  <testcase classname="lumaTestcases.CartTest" name="testCartTotalPrice" time="0.003">
    <failure type="java.lang.NullPointerException" message="Cannot invoke &amp;quot;org.openqa.selenium.WebDriver.findElement(org.openqa.selenium.By)&amp;quot; because &amp;quot;this.driver&amp;quot; is null">
      <![CDATA[java.lang.NullPointerException: Cannot invoke "org.openqa.selenium.WebDriver.findElement(org.openqa.selenium.By)" because "this.driver" is null
at lumaPages.CartPage.getTotalPrice(CartPage.java:36)
at lumaTestcases.CartTest.testCartTotalPrice(CartTest.java:41)
at java.base/java.util.ArrayList.forEach(ArrayList.java:1597)
... Removed 25 stack frames]]>
    </failure>
  </testcase> <!-- testCartTotalPrice -->
  <testcase classname="lumaTestcases.CheckoutTest" name="testCheckoutProcess" time="0.0">
    <skipped/>
  </testcase> <!-- testCheckoutProcess -->
</testsuite> <!-- Edge Tests -->
