<?xml version="1.0" encoding="UTF-8"?>
<!-- Generated by org.testng.reporters.JUnitXMLReporter -->
<testsuite ignored="0" hostname="LAPTOP-J3K2CO61" failures="0" tests="2" name="User Registration and Login Test" time="2.05" errors="0" timestamp="2025-03-19T16:23:43 IST">
  <testcase classname="lumaPages.Runner" name="@BeforeTest setUp" time="1.859">
    <failure type="java.lang.IllegalStateException" message="The path to the driver executable The path to the driver executable must be set by the webdriver.chrome.driver system property; for more information, see https://chromedriver.chromium.org/. The latest version can be downloaded from https://chromedriver.chromium.org/downloads">
      <![CDATA[java.lang.IllegalStateException: The path to the driver executable The path to the driver executable must be set by the webdriver.chrome.driver system property; for more information, see https://chromedriver.chromium.org/. The latest version can be downloaded from https://chromedriver.chromium.org/downloads
at org.openqa.selenium.internal.Require$StateChecker.nonNull(Require.java:314)
at org.openqa.selenium.remote.service.DriverService.findExecutable(DriverService.java:149)
at org.openqa.selenium.chrome.ChromeDriverService.access$000(ChromeDriverService.java:42)
at org.openqa.selenium.chrome.ChromeDriverService$Builder.findDefaultExecutable(ChromeDriverService.java:315)
at org.openqa.selenium.remote.service.DriverService$Builder.build(DriverService.java:456)
at org.openqa.selenium.chrome.ChromeDriverService.createDefaultService(ChromeDriverService.java:147)
at org.openqa.selenium.chrome.ChromeDriver.<init>(ChromeDriver.java:50)
at lumaPages.Runner.setUp(Runner.java:22)
... Removed 22 stack frames]]>
    </failure>
  </testcase> <!-- @BeforeTest setUp -->
  <testcase classname="lumaBase.BaseClass" name="@BeforeClass invokeBrowser" time="0.0">
    <skipped/>
  </testcase> <!-- @BeforeClass invokeBrowser -->
  <testcase classname="lumaBase.BaseClass" name="@AfterClass closeBrowser" time="0.0">
    <skipped/>
  </testcase> <!-- @AfterClass closeBrowser -->
  <testcase classname="lumaPages.Runner" name="@AfterTest tearDown" time="0.0">
    <skipped/>
  </testcase> <!-- @AfterTest tearDown -->
  <testcase classname="lumaBase.BaseClass" name="Screenshot" time="0.001">
    <skipped/>
  </testcase> <!-- Screenshot -->
  <testcase classname="lumaPages.Runner" name="testRegistration" time="0.0">
    <skipped/>
  </testcase> <!-- testRegistration -->
</testsuite> <!-- User Registration and Login Test -->
